0	LP	0.000	0.000	0.000	0.000	1 -99	    0.000   0.500   0.700   0.0
1	H	0.230	0.352	1.200	0.240	1 -99 	    2.200   1.000   1.000   1.00797
2	He	0.700	0.700	1.220	0.244	0 -99	    0.000   0.370   0.080   4.0026
3	Li	0.680	1.230	1.520	0.304	1   1	    0.980   0.000   0.100   6.939
4	Be	0.350	0.900	1.700	0.340	2 -99	    1.570   0.370   0.080   9.0122
5	B	0.830	1.000	2.080	0.416	3 -99	    2.040   0.500   0.700   10.811
6	C	0.680	0.762	1.850	0.370	4 -99	    2.550   0.500   0.500   12.01115
7	N	0.680	0.676	1.540	0.308	4 -99	    3.040   0.000   1.000   14.0067
8	O	0.680	0.640	1.400	0.280	2 -99	    3.440   0.000   0.000   15.9994
9	F	0.640	0.630	1.350	0.270	1  -1	    3.980   0.000   0.100   18.9984
10	Ne	0.700	0.700	1.600	0.320	0 -99	    0.000   0.370   0.080   20.183
11	Na	0.970	1.540	2.310	0.462	1   1	    0.930   0.000   0.100   22.9898
12	Mg	1.100	1.360	1.700	0.340	2 -99	    1.310   0.000   0.100   24.3120
13	Al	1.350	1.180	2.050	0.410	6 -99	    1.610   0.000   0.100   26.9815
14	Si	1.200	1.118	2.000	0.400	6 -99	    1.900   0.000   0.100   28.086
15	P	1.050	1.094	1.900	0.380	5 -99	    2.190   0.100   0.800   30.9738
16	S	1.020	1.053	1.850	0.370	6 -99	    2.580   1.000   0.000   32.064
17	Cl	0.990	1.033	1.810	0.362	1  -1	    3.160   0.000   0.100   35.453
18	Ar	0.700	1.740	1.910	0.382	0 -99	    0.000   0.370   0.080   39.948
19	K	1.330	2.030	2.310	0.462	1   1	    0.820   0.000   0.100   39.102
20	Ca	0.990	1.740	1.973	0.395	2   2	    1.000   0.000   0.100   40.08
21	Sc	1.440	1.440	1.700	0.340	6 -99	    1.360   0.050   0.500   44.956
22	Ti	1.470	1.320	1.700	0.340	6 -99	    1.540   0.050   0.500   47.900
23	V	1.330	1.220	1.700	0.340	6 -99	    1.630   0.050   0.500   50.942
24	Cr	1.350	1.180	1.700	0.340	6 -99	    1.660   0.050   0.500   51.996
25	Mn	1.350	1.170	1.700	0.340	8   2	    1.550   0.050   0.500   54.9380
26	Fe	1.340	1.170	1.700	0.340	6   2	    1.830   0.000   0.100   55.847
27	Co	1.330	1.160	1.700	0.340	6   2	    1.880   0.050   0.500   58.9332
28	Ni	1.500	1.150	1.700	0.340	6   2	    1.910   0.050   0.500   58.710
29	Cu	1.520	1.170	1.700	0.340	6   2	    2.000   0.050   0.500   63.546
30	Zn	1.450	1.250	1.700	0.340	6   2	    1.650   0.050   0.500   65.37
31	Ga	1.220	1.260	1.700	0.340	3 -99	    1.810   0.050   0.500   69.72
32	Ge	1.170	1.188	1.700	0.340	4 -99	    2.010   0.050   0.500   72.59
33	As	1.210	1.200	2.000	0.400	3 -99	    2.180   1.000   0.100   74.9216
34	Se	1.220	1.187	2.000	0.400	2   0	    2.550   1.000   0.100   78.960
35	Br	1.210	1.187	2.100	0.420	1  -1	    2.960   0.000   0.100   79.904
36	Kr	1.910	1.910	1.700	0.340	0 -99	    0.000   0.370   0.080   83.800
37	Rb	1.470	2.160	1.700	0.340	1 -99	    0.820   0.050   0.500   85.470
38	Sr	1.120	1.910	1.700	0.340	2   2	    0.950   0.050   0.500   87.620
39	Y	1.780	1.620	1.700	0.340	6 -99	    1.220   0.050   0.500   88.905
40	Zr	1.560	1.450	1.700	0.340	6 -99	    1.330   0.050   0.500   91.220
41	Nb	1.480	1.340	1.700	0.340	6 -99	    1.600   0.050   0.500   92.906
42	Mo	1.470	1.300	1.700	0.340	6 -99	    2.160   0.050   0.500   95.940
43	Tc	1.350	1.270	1.700	0.340	6 -99	    1.900   0.050   0.500   97.000
44	Ru	1.400	1.250	1.700	0.340	6 -99	    2.200   0.050   0.500  101.070
45	Rh	1.450	1.250	1.700	0.340	6 -99	    2.280   0.050   0.500  102.905
46	Pd	1.500	1.280	1.700	0.340	6 -99	    2.200   0.050   0.500  106.400
47	Ag	1.590	1.340	1.700	0.340	6 -99	    1.930   0.050   0.500  107.868
48	Cd	1.690	1.480	1.700	0.340	6 -99	    1.690   0.050   0.500  112.400
49	In	1.630	1.440	1.700	0.340	3 -99	    1.780   0.050   0.500  114.820
50	Sn	1.460	1.385	1.700	0.340	4 -99	    1.960   0.050   0.500  118.690
51	Sb	1.460	1.400	2.200	0.440	3 -99	    2.050   0.050   0.500  121.750
52	Te	1.470	1.378	2.200	0.440	2 -99	    2.100   0.050   0.500  127.600
53	I	1.400	1.387	2.150	0.430	1  -1	    2.660   0.050   0.500  126.9044
54	Xe	1.980	1.980	1.700	0.340	0 -99	    0.000   0.050   0.500  131.300
55	Cs	1.670	2.350	1.700	0.340	1 -99	    0.860   0.050   0.500  132.905
56	Ba	1.340	1.980	1.700	0.340	2 -99	    0.970   0.050   0.500  137.340
57	La	1.870	1.690	1.700	0.340  12   3	    1.080   0.050   0.500  138.910
58	Ce	1.830	1.830	1.700	0.340	6 -99	    0.000   0.050   0.500  140.120
59	Pr	1.820	1.820	1.700	0.340	6 -99	    0.000   0.050   0.500  140.907
60	Nd	1.810	1.810	1.700	0.340	6   3	    0.000   0.050   0.500  144.240
61	Pm	1.800	1.800	1.700	0.340	6 -99	    0.000   0.050   0.500  145.000
62	Sm	1.800	1.800	1.700	0.340	6 -99	    0.000   0.050   0.500  150.350
63	Eu	1.990	1.990	1.700	0.340	6   3	    0.000   0.050   0.500  151.960
64	Gd	1.790	1.790	1.700	0.340	6   3	    0.000   0.050   0.500  157.250
65	Tb	1.760	1.760	1.700	0.340	6 -99	    0.000   0.050   0.500  158.924
66	Dy	1.750	1.750	1.700	0.340	6 -99	    0.000   0.050   0.500  162.500
67	Ho	1.740	1.740	1.700	0.340	6 -99	    0.000   0.050   0.500  164.930
68	Er	1.730	1.730	1.700	0.340	6 -99	    0.000   0.050   0.500  167.260
69	Tm	1.720	1.720	1.700	0.340	6 -99	    0.000   0.050   0.500  168.934
70	Yb	1.940	1.940	1.700	0.340	6   3	    0.000   0.050   0.500  173.040
71	Lu	1.720	1.720	1.700	0.340	6 -99	    0.000   0.050   0.500  174.970
72	Hf	1.570	1.440	1.700	0.340	6 -99	    0.000   0.050   0.500  178.490
73	Ta	1.430	1.340	1.700	0.340	6 -99	    0.000   0.050   0.500  180.948
74	Wb	1.370	1.300	1.700	0.340	6 -99	    0.000   0.050   0.500  183.850
75	Re	1.350	1.280	1.700	0.340	6 -99	    1.900   0.050   0.500  186.220
76	Os	1.370	1.260	1.700	0.340	6 -99	    2.200   0.050   0.500  190.200
77	Ir	1.320	1.270	1.700	0.340	6 -99	    2.200   0.050   0.500  192.200
78	Pt	1.500	1.300	1.700	0.340	6 -99	    2.280   0.050   0.500  195.090
79	Au	1.500	1.340	1.700	0.340	6 -99	    2.540   0.050   0.500  196.967
80	Hg	1.700	1.490	1.700	0.340	6 -99	    2.000   0.050   0.500  200.590
81	Tl	1.550	1.480	1.700	0.340	3 -99	    2.040   0.050   0.500  204.370
82	Pb	1.540	1.480	1.700	0.340	4 -99	    2.330   0.050   0.500  207.190
83	Bi	1.540	1.450	1.700	0.340	3 -99	    2.020   0.050   0.500  208.980
84	Po	1.680	1.460	1.700	0.340	2 -99	    2.000   0.050   0.500  209.000
85	At	0.700	1.450	1.700	0.340	1 -99	    2.200   0.050   0.500  210.000
86	Rn	2.400	2.400	1.700	0.340	0 -99	    0.000   0.050   0.500  222.000
87	Fr	2.000	2.000	1.700	0.340	1 -99	    0.000   0.050   0.500  223.000
88	Ra	1.900	1.900	1.700	0.340	2 -99	    0.000   0.050   0.500  226.000
89	Ac	1.880	1.880	1.700	0.340	6   3	    0.000   0.050   0.500  227.000
90	Th	1.790	1.790	1.700	0.340	6   4	    0.000   0.050   0.500  232.038
91	Pa	1.610	1.610	1.700	0.340	6 -99	    0.000   0.050   0.500  231.000
92	U	1.580	1.580	1.700	0.340	6 -99	    0.000   0.050   0.500  238.030
93	Np	1.550	1.550	1.700	0.340	6 -99	    0.000   0.050   0.500
94	Pu	1.530	1.530	0.900	0.180	6 -99	    0.000   0.050   0.500
95	Am	1.510	1.070	0.000	0.000	0   3	    0.000   0.050   0.500
96	Cm	0.000	0.000	0.000	0.000	0 -99	    0.000   0.050   0.500
97	Bk	0.000	0.000	0.000	0.000	0 -99	    0.000   0.050   0.500
98	Cf	0.000	0.000	0.000	0.000	0 -99	    0.000   0.050   0.500
99	Es	0.000	0.000	0.000	0.000	0 -99	    0.000   0.050   0.500
100	Fm	0.000	0.000	0.000	0.000	0 -99	    0.000   0.050   0.500
101	Md	0.000	0.000	0.000	0.000	0 -99	    0.000   0.050   0.500
102	No	0.000	0.000	0.000	0.000	0 -99	    0.000   0.050   0.500
103	Lr	0.000	0.000	0.000	0.000	0 -99	    0.000   0.050   0.500
104	Lr	0.000	0.000	0.000	0.000	0 -99	    0.000   0.050   0.500
105	Lr	0.000	0.000	0.000	0.000	0 -99	    0.000   0.050   0.500
106	Lr	0.000	0.000	0.000	0.000	0 -99	    0.000   0.050   0.500
107	DM	0.000	0.000	0.000	0.000	1 -99	    0.000   0.500   0.700   0.0
